<?xml version="1.0" encoding="UTF-8"?>
<!-- Generated by org.testng.reporters.JUnitReportReporter -->
<testsuite hostname="DESKTOP-8EHKKFN" failures="0" tests="1" name="first.TestCase1" time="6.635" errors="0" timestamp="2025-09-28T18:13:28 IST" skipped="0">
  <testcase classname="first.TestCase1" name="login" time="6.635"/>
  <system-out>
    <![CDATA[demo1
demo1
demo2
demo2
demo2
demo2
demo2]]>
  </system-out>
</testsuite> <!-- first.TestCase1 -->
