<?xml version="1.0" encoding="UTF-8"?>
<!-- Generated by org.testng.reporters.JUnitReportReporter -->
<testsuite hostname="DESKTOP-8EHKKFN" failures="0" tests="1" name="scripts.TestCase2" time="3.416" errors="0" timestamp="2025-10-05T16:57:04 IST" skipped="0">
  <testcase classname="scripts.TestCase2" name="tc2" time="3.416"/>
</testsuite> <!-- scripts.TestCase2 -->
