<?xml version="1.0" encoding="UTF-8"?>
<!-- Generated by org.testng.reporters.JUnitReportReporter -->
<testsuite hostname="DESKTOP-8EHKKFN" failures="0" tests="1" name="scripts.TestCase3" time="8.780" errors="0" timestamp="2025-10-06T09:46:26 IST" skipped="0">
  <testcase classname="scripts.TestCase3" name="tc3" time="8.780"/>
</testsuite> <!-- scripts.TestCase3 -->
