<?xml version="1.0" encoding="UTF-8"?>
<!-- Generated by org.testng.reporters.JUnitReportReporter -->
<testsuite hostname="DESKTOP-8EHKKFN" failures="0" tests="1" name="first.TestCase4" time="9.403" errors="0" timestamp="2025-09-28T18:14:06 IST" skipped="0">
  <testcase classname="first.TestCase4" name="newTest" time="9.403"/>
</testsuite> <!-- first.TestCase4 -->
