<?xml version="1.0" encoding="UTF-8"?>
<!-- Generated by org.testng.reporters.JUnitReportReporter -->
<testsuite hostname="DESKTOP-8EHKKFN" failures="0" tests="1" name="scripts.TestCase1" time="7.076" errors="0" timestamp="2025-10-06T09:42:21 IST" skipped="0">
  <testcase classname="scripts.TestCase1" name="tc1" time="7.076"/>
</testsuite> <!-- scripts.TestCase1 -->
