<?xml version="1.0" encoding="UTF-8"?>
<!-- Generated by org.testng.reporters.JUnitReportReporter -->
<testsuite hostname="DESKTOP-8EHKKFN" failures="0" tests="1" name="scripts.TestCase2" time="7.393" errors="0" timestamp="2025-10-06T09:42:21 IST" skipped="0">
  <testcase classname="scripts.TestCase2" name="tc2" time="7.393"/>
</testsuite> <!-- scripts.TestCase2 -->
