<?xml version="1.0" encoding="UTF-8"?>
<!-- Generated by org.testng.reporters.JUnitReportReporter -->
<testsuite hostname="DESKTOP-8EHKKFN" failures="0" tests="2" name="first.Testcase2" time="9.173" errors="0" timestamp="2025-09-28T18:13:28 IST" skipped="0">
  <testcase classname="first.Testcase2" name="test2" time="3.926"/>
  <testcase classname="first.Testcase2" name="test1" time="5.247"/>
  <system-out>
    <![CDATA[demo1
demo1
demo2
demo2
demo2
demo2
demo2]]>
  </system-out>
</testsuite> <!-- first.Testcase2 -->
