<?xml version="1.0" encoding="UTF-8"?>
<!-- Generated by org.testng.reporters.JUnitReportReporter -->
<testsuite hostname="DESKTOP-8EHKKFN" failures="0" tests="2" name="first.Testcase2" time="7.892" errors="0" timestamp="2025-09-28T16:31:56 IST" skipped="0">
  <testcase classname="first.Testcase2" name="test2" time="3.497"/>
  <testcase classname="first.Testcase2" name="test1" time="4.395"/>
  <system-out>
    <![CDATA[demo1
demo1
demo2
demo2
demo2
demo2
demo2]]>
  </system-out>
</testsuite> <!-- first.Testcase2 -->
