<?xml version="1.0" encoding="UTF-8"?>
<!-- Generated by org.testng.reporters.JUnitReportReporter -->
<testsuite hostname="DESKTOP-8EHKKFN" failures="0" tests="7" name="first.TestCase3" time="0.011" errors="0" timestamp="2025-09-28T16:31:56 IST" skipped="0">
  <testcase classname="first.TestCase3" name="demo2" time="0.001">
    <system-out>
      <![CDATA[demo2]]>
    </system-out>
  </testcase> <!-- demo2 -->
  <testcase classname="first.TestCase3" name="demo1" time="0.001">
    <system-out>
      <![CDATA[demo1]]>
    </system-out>
  </testcase> <!-- demo1 -->
  <testcase classname="first.TestCase3" name="demo2" time="0.001">
    <system-out>
      <![CDATA[demo2]]>
    </system-out>
  </testcase> <!-- demo2 -->
  <testcase classname="first.TestCase3" name="demo2" time="0.001">
    <system-out>
      <![CDATA[demo2]]>
    </system-out>
  </testcase> <!-- demo2 -->
  <testcase classname="first.TestCase3" name="demo2" time="0.002">
    <system-out>
      <![CDATA[demo2]]>
    </system-out>
  </testcase> <!-- demo2 -->
  <testcase classname="first.TestCase3" name="demo1" time="0.002">
    <system-out>
      <![CDATA[demo1]]>
    </system-out>
  </testcase> <!-- demo1 -->
  <testcase classname="first.TestCase3" name="demo2" time="0.003">
    <system-out>
      <![CDATA[demo2]]>
    </system-out>
  </testcase> <!-- demo2 -->
  <system-out>
    <![CDATA[demo1
demo1
demo2
demo2
demo2
demo2
demo2]]>
  </system-out>
</testsuite> <!-- first.TestCase3 -->
